CI:                        true
GITHUB_ACTION:             __run_3
GITHUB_ACTION_PATH:        
GITHUB_ACTION_REPOSITORY:  
GITHUB_ACTIONS:            true
GITHUB_ACTOR:              Alhadis
GITHUB_API_URL:            https://api.github.com
GITHUB_BASE_REF:           
GITHUB_ENV:                /Users/runner/work/_temp/_runner_file_commands/set_env_fea86191-7b04-48ec-9518-771dd12159eb
GITHUB_EVENT_NAME:         push
GITHUB_EVENT_PATH:         /Users/runner/work/_temp/_github_workflow/event.json
GITHUB_GRAPHQL_URL:        https://api.github.com/graphql
GITHUB_HEAD_REF:           
GITHUB_JOB:                test
GITHUB_PATH:               /Users/runner/work/_temp/_runner_file_commands/add_path_fea86191-7b04-48ec-9518-771dd12159eb
GITHUB_REF:                refs/heads/ci
GITHUB_REF_NAME:           ci
GITHUB_REF_PROTECTED:      false
GITHUB_REF_TYPE:           branch
GITHUB_REPOSITORY:         Cutlery-Drawer/cutlery-drawer.github.io
GITHUB_REPOSITORY_OWNER:   Cutlery-Drawer
GITHUB_RETENTION_DAYS:     90
GITHUB_RUN_ATTEMPT:        1
GITHUB_RUN_ID:             3029819328
GITHUB_RUN_NUMBER:         93
GITHUB_SERVER_URL:         https://github.com
GITHUB_SHA:                bd4644def0b14d8729a698cb8c789d81a0fca760
GITHUB_STEP_SUMMARY:       /Users/runner/work/_temp/_runner_file_commands/step_summary_fea86191-7b04-48ec-9518-771dd12159eb
GITHUB_WORKFLOW:           CI
GITHUB_WORKSPACE:          /Users/runner/work/cutlery-drawer.github.io/cutlery-drawer.github.io
RUNNER_ARCH:               X64
RUNNER_DEBUG:              
RUNNER_NAME:               Hosted Agent
RUNNER_OS:                 macOS
RUNNER_TEMP:               /Users/runner/work/_temp
RUNNER_TOOL_CACHE:         /Users/runner/hostedtoolcache
