CI:                        true
GITHUB_ACTION:             __run_3
GITHUB_ACTION_PATH:        
GITHUB_ACTION_REPOSITORY:  
GITHUB_ACTIONS:            true
GITHUB_ACTOR:              Alhadis
GITHUB_API_URL:            https://api.github.com
GITHUB_BASE_REF:           
GITHUB_ENV:                /home/runner/work/_temp/_runner_file_commands/set_env_21f7798e-36b3-4feb-b18e-60d283a69a43
GITHUB_EVENT_NAME:         push
GITHUB_EVENT_PATH:         /home/runner/work/_temp/_github_workflow/event.json
GITHUB_GRAPHQL_URL:        https://api.github.com/graphql
GITHUB_HEAD_REF:           
GITHUB_JOB:                test
GITHUB_PATH:               /home/runner/work/_temp/_runner_file_commands/add_path_21f7798e-36b3-4feb-b18e-60d283a69a43
GITHUB_REF:                refs/heads/ci
GITHUB_REF_NAME:           ci
GITHUB_REF_PROTECTED:      false
GITHUB_REF_TYPE:           branch
GITHUB_REPOSITORY:         Cutlery-Drawer/cutlery-drawer.github.io
GITHUB_REPOSITORY_OWNER:   Cutlery-Drawer
GITHUB_RETENTION_DAYS:     90
GITHUB_RUN_ATTEMPT:        1
GITHUB_RUN_ID:             3029819328
GITHUB_RUN_NUMBER:         93
GITHUB_SERVER_URL:         https://github.com
GITHUB_SHA:                bd4644def0b14d8729a698cb8c789d81a0fca760
GITHUB_STEP_SUMMARY:       /home/runner/work/_temp/_runner_file_commands/step_summary_21f7798e-36b3-4feb-b18e-60d283a69a43
GITHUB_WORKFLOW:           CI
GITHUB_WORKSPACE:          /home/runner/work/cutlery-drawer.github.io/cutlery-drawer.github.io
RUNNER_ARCH:               X64
RUNNER_DEBUG:              
RUNNER_NAME:               GitHub Actions 2
RUNNER_OS:                 Linux
RUNNER_TEMP:               /home/runner/work/_temp
RUNNER_TOOL_CACHE:         /opt/hostedtoolcache
